[debug] [2022-07-16T02:39:17.577Z] ----------------------------------------------------------------------
[debug] [2022-07-16T02:39:17.578Z] Command:       /usr/local/Cellar/node/18.3.0/bin/node /usr/local/bin/firebase deploy --only functions:resetRandomId
[debug] [2022-07-16T02:39:17.579Z] CLI Version:   11.2.1
[debug] [2022-07-16T02:39:17.579Z] Platform:      darwin
[debug] [2022-07-16T02:39:17.579Z] Node Version:  v18.3.0
[debug] [2022-07-16T02:39:17.580Z] Time:          Sat Jul 16 2022 11:39:17 GMT+0900 (대한민국 표준시)
[debug] [2022-07-16T02:39:17.580Z] ----------------------------------------------------------------------
[debug] 
[debug] [2022-07-16T02:39:17.633Z] > command requires scopes: ["email","openid","https://www.googleapis.com/auth/cloudplatformprojects.readonly","https://www.googleapis.com/auth/firebase","https://www.googleapis.com/auth/cloud-platform"]
[debug] [2022-07-16T02:39:17.633Z] > authorizing via signed-in user (nhoon95@gmail.com)
[debug] [2022-07-16T02:39:17.634Z] [iam] checking project dowoom-3b2a4 for permissions ["cloudfunctions.functions.create","cloudfunctions.functions.delete","cloudfunctions.functions.get","cloudfunctions.functions.list","cloudfunctions.functions.update","cloudfunctions.operations.get","firebase.projects.get"]
[debug] [2022-07-16T02:39:17.635Z] >>> [apiv2][query] POST https://cloudresourcemanager.googleapis.com/v1/projects/dowoom-3b2a4:testIamPermissions [none]
[debug] [2022-07-16T02:39:17.636Z] >>> [apiv2][body] POST https://cloudresourcemanager.googleapis.com/v1/projects/dowoom-3b2a4:testIamPermissions {"permissions":["cloudfunctions.functions.create","cloudfunctions.functions.delete","cloudfunctions.functions.get","cloudfunctions.functions.list","cloudfunctions.functions.update","cloudfunctions.operations.get","firebase.projects.get"]}
[debug] [2022-07-16T02:39:18.699Z] <<< [apiv2][status] POST https://cloudresourcemanager.googleapis.com/v1/projects/dowoom-3b2a4:testIamPermissions 200
[debug] [2022-07-16T02:39:18.700Z] <<< [apiv2][body] POST https://cloudresourcemanager.googleapis.com/v1/projects/dowoom-3b2a4:testIamPermissions {"permissions":["cloudfunctions.functions.create","cloudfunctions.functions.delete","cloudfunctions.functions.get","cloudfunctions.functions.list","cloudfunctions.functions.update","cloudfunctions.operations.get","firebase.projects.get"]}
[debug] [2022-07-16T02:39:18.700Z] >>> [apiv2][query] POST https://iam.googleapis.com/v1/projects/dowoom-3b2a4/serviceAccounts/dowoom-3b2a4@appspot.gserviceaccount.com:testIamPermissions [none]
[debug] [2022-07-16T02:39:18.700Z] >>> [apiv2][body] POST https://iam.googleapis.com/v1/projects/dowoom-3b2a4/serviceAccounts/dowoom-3b2a4@appspot.gserviceaccount.com:testIamPermissions {"permissions":["iam.serviceAccounts.actAs"]}
[debug] [2022-07-16T02:39:19.715Z] <<< [apiv2][status] POST https://iam.googleapis.com/v1/projects/dowoom-3b2a4/serviceAccounts/dowoom-3b2a4@appspot.gserviceaccount.com:testIamPermissions 200
[debug] [2022-07-16T02:39:19.715Z] <<< [apiv2][body] POST https://iam.googleapis.com/v1/projects/dowoom-3b2a4/serviceAccounts/dowoom-3b2a4@appspot.gserviceaccount.com:testIamPermissions {"permissions":["iam.serviceAccounts.actAs"]}
[info] 
[info] === Deploying to 'dowoom-3b2a4'...
[info] 
[info] i  deploying functions 
[info] Running command: npm --prefix "$RESOURCE_DIR" run lint
[info] ✔  functions: Finished running predeploy script. 
[debug] [2022-07-16T02:39:20.616Z] >>> [apiv2][query] GET https://firebase.googleapis.com/v1beta1/projects/dowoom-3b2a4 [none]
[debug] [2022-07-16T02:39:21.067Z] <<< [apiv2][status] GET https://firebase.googleapis.com/v1beta1/projects/dowoom-3b2a4 200
[debug] [2022-07-16T02:39:21.067Z] <<< [apiv2][body] GET https://firebase.googleapis.com/v1beta1/projects/dowoom-3b2a4 {"projectId":"dowoom-3b2a4","projectNumber":"1092962551292","displayName":"dowoom","name":"projects/dowoom-3b2a4","resources":{"hostingSite":"dowoom-3b2a4","realtimeDatabaseInstance":"dowoom-3b2a4-default-rtdb","storageBucket":"dowoom-3b2a4.appspot.com","locationId":"asia-northeast3"},"state":"ACTIVE"}
[info] i  functions: ensuring required API cloudfunctions.googleapis.com is enabled... 
[info] i  functions: ensuring required API cloudbuild.googleapis.com is enabled... 
[info] i  artifactregistry: ensuring required API artifactregistry.googleapis.com is enabled... 
[debug] [2022-07-16T02:39:21.069Z] >>> [apiv2][query] GET https://serviceusage.googleapis.com/v1/projects/dowoom-3b2a4/services/cloudfunctions.googleapis.com [none]
[debug] [2022-07-16T02:39:21.070Z] >>> [apiv2][query] GET https://serviceusage.googleapis.com/v1/projects/dowoom-3b2a4/services/runtimeconfig.googleapis.com [none]
[debug] [2022-07-16T02:39:21.071Z] >>> [apiv2][query] GET https://serviceusage.googleapis.com/v1/projects/dowoom-3b2a4/services/cloudbuild.googleapis.com [none]
[debug] [2022-07-16T02:39:21.071Z] >>> [apiv2][query] GET https://serviceusage.googleapis.com/v1/projects/dowoom-3b2a4/services/artifactregistry.googleapis.com [none]
[debug] [2022-07-16T02:39:22.433Z] <<< [apiv2][status] GET https://serviceusage.googleapis.com/v1/projects/dowoom-3b2a4/services/cloudfunctions.googleapis.com 200
[debug] [2022-07-16T02:39:22.433Z] <<< [apiv2][body] GET https://serviceusage.googleapis.com/v1/projects/dowoom-3b2a4/services/cloudfunctions.googleapis.com [omitted]
[info] ✔  functions: required API cloudfunctions.googleapis.com is enabled 
[debug] [2022-07-16T02:39:22.451Z] <<< [apiv2][status] GET https://serviceusage.googleapis.com/v1/projects/dowoom-3b2a4/services/runtimeconfig.googleapis.com 200
[debug] [2022-07-16T02:39:22.451Z] <<< [apiv2][body] GET https://serviceusage.googleapis.com/v1/projects/dowoom-3b2a4/services/runtimeconfig.googleapis.com [omitted]
[debug] [2022-07-16T02:39:22.457Z] <<< [apiv2][status] GET https://serviceusage.googleapis.com/v1/projects/dowoom-3b2a4/services/artifactregistry.googleapis.com 200
[debug] [2022-07-16T02:39:22.457Z] <<< [apiv2][body] GET https://serviceusage.googleapis.com/v1/projects/dowoom-3b2a4/services/artifactregistry.googleapis.com [omitted]
[info] ✔  artifactregistry: required API artifactregistry.googleapis.com is enabled 
[debug] [2022-07-16T02:39:22.507Z] <<< [apiv2][status] GET https://serviceusage.googleapis.com/v1/projects/dowoom-3b2a4/services/cloudbuild.googleapis.com 200
[debug] [2022-07-16T02:39:22.507Z] <<< [apiv2][body] GET https://serviceusage.googleapis.com/v1/projects/dowoom-3b2a4/services/cloudbuild.googleapis.com [omitted]
[info] ✔  functions: required API cloudbuild.googleapis.com is enabled 
[debug] [2022-07-16T02:39:22.508Z] >>> [apiv2][query] GET https://firebase.googleapis.com/v1beta1/projects/dowoom-3b2a4/adminSdkConfig [none]
[debug] [2022-07-16T02:39:22.967Z] <<< [apiv2][status] GET https://firebase.googleapis.com/v1beta1/projects/dowoom-3b2a4/adminSdkConfig 200
[debug] [2022-07-16T02:39:22.967Z] <<< [apiv2][body] GET https://firebase.googleapis.com/v1beta1/projects/dowoom-3b2a4/adminSdkConfig {"projectId":"dowoom-3b2a4","databaseURL":"https://dowoom-3b2a4-default-rtdb.firebaseio.com","storageBucket":"dowoom-3b2a4.appspot.com","locationId":"asia-northeast3"}
[debug] [2022-07-16T02:39:22.968Z] >>> [apiv2][query] GET https://runtimeconfig.googleapis.com/v1beta1/projects/dowoom-3b2a4/configs [none]
[debug] [2022-07-16T02:39:23.429Z] <<< [apiv2][status] GET https://runtimeconfig.googleapis.com/v1beta1/projects/dowoom-3b2a4/configs 200
[debug] [2022-07-16T02:39:23.429Z] <<< [apiv2][body] GET https://runtimeconfig.googleapis.com/v1beta1/projects/dowoom-3b2a4/configs {}
[info] i  functions: preparing codebase default for deployment 
[debug] [2022-07-16T02:39:23.431Z] Validating nodejs source
[warn] ⚠  functions: package.json indicates an outdated version of firebase-functions. Please upgrade using npm install --save firebase-functions@latest in your functions directory. 
[debug] [2022-07-16T02:39:24.546Z] > [functions] package.json contents: {
  "name": "functions",
  "description": "Cloud Functions for Firebase",
  "scripts": {
    "lint": "eslint .",
    "serve": "firebase emulators:start --only functions",
    "shell": "firebase functions:shell",
    "start": "npm run shell",
    "deploy": "firebase deploy --only functions",
    "logs": "firebase functions:log"
  },
  "engines": {
    "node": "16"
  },
  "main": "index.js",
  "dependencies": {
    "firebase-admin": "^10.0.2",
    "firebase-functions": "^3.18.0"
  },
  "devDependencies": {
    "eslint": "^8.9.0",
    "eslint-config-google": "^0.14.0",
    "firebase-functions-test": "^0.2.0"
  },
  "private": true
}
[debug] [2022-07-16T02:39:24.546Z] Building nodejs source
[debug] [2022-07-16T02:39:24.547Z] Could not find functions.yaml. Must use http discovery
[debug] [2022-07-16T02:39:24.707Z] Serving at port 9005

[debug] [2022-07-16T02:39:24.774Z] Got response from /__/functions.yaml {"endpoints":{"everyDayTask":{"platform":"gcfv1","scheduleTrigger":{"schedule":"0 0 * * *"},"labels":{},"entryPoint":"everyDayTask"},"resetRandomId":{"platform":"gcfv1","scheduleTrigger":{"schedule":"0 0 * * *"},"labels":{},"entryPoint":"resetRandomId"}},"specVersion":"v1alpha1","requiredAPIs":[{"api":"cloudscheduler.googleapis.com","reason":"Needed for scheduled functions."}]}
[debug] [2022-07-16T02:39:24.779Z] shutdown requested via /__/quitquitquit

[info] i  functions: preparing functions directory for uploading... 
[info] i  functions: packaged /Users/namsehun/AndroidStudioProjects/DoWoom/functions (72.73 KB) for uploading 
[debug] [2022-07-16T02:39:24.815Z] >>> [apiv2][query] GET https://cloudfunctions.googleapis.com/v1/projects/dowoom-3b2a4/locations/-/functions [none]
[debug] [2022-07-16T02:39:26.287Z] <<< [apiv2][status] GET https://cloudfunctions.googleapis.com/v1/projects/dowoom-3b2a4/locations/-/functions 200
[debug] [2022-07-16T02:39:26.287Z] <<< [apiv2][body] GET https://cloudfunctions.googleapis.com/v1/projects/dowoom-3b2a4/locations/-/functions {"functions":[{"name":"projects/dowoom-3b2a4/locations/us-central1/functions/everyDayTask","eventTrigger":{"eventType":"google.pubsub.topic.publish","resource":"projects/dowoom-3b2a4/topics/firebase-schedule-everyDayTask-us-central1","service":"pubsub.googleapis.com","failurePolicy":{}},"status":"ACTIVE","entryPoint":"everyDayTask","timeout":"60s","availableMemoryMb":256,"serviceAccountEmail":"dowoom-3b2a4@appspot.gserviceaccount.com","updateTime":"2022-06-13T07:27:04.800Z","versionId":"1","labels":{"deployment-tool":"cli-firebase","deployment-scheduled":"true"},"sourceUploadUrl":"https://storage.googleapis.com/uploads-463026273195.us-central1.cloudfunctions.appspot.com/d3782fff-56ad-4b6e-ba56-e5e55ac524ad.zip","environmentVariables":{"FIREBASE_CONFIG":"{\"projectId\":\"dowoom-3b2a4\",\"databaseURL\":\"https://dowoom-3b2a4-default-rtdb.firebaseio.com\",\"storageBucket\":\"dowoom-3b2a4.appspot.com\",\"locationId\":\"asia-northeast3\"}","GCLOUD_PROJECT":"dowoom-3b2a4"},"runtime":"nodejs16","ingressSettings":"ALLOW_ALL","buildId":"bfd9d532-5ec2-4aa9-913f-f38822c48b97","buildName":"projects/1092962551292/locations/us-central1/builds/bfd9d532-5ec2-4aa9-913f-f38822c48b97","dockerRegistry":"CONTAINER_REGISTRY"}]}
[debug] [2022-07-16T02:39:26.288Z] >>> [apiv2][query] GET https://cloudfunctions.googleapis.com/v2alpha/projects/dowoom-3b2a4/locations/-/functions [none]
[debug] [2022-07-16T02:39:27.986Z] <<< [apiv2][status] GET https://cloudfunctions.googleapis.com/v2alpha/projects/dowoom-3b2a4/locations/-/functions 200
[debug] [2022-07-16T02:39:27.986Z] <<< [apiv2][body] GET https://cloudfunctions.googleapis.com/v2alpha/projects/dowoom-3b2a4/locations/-/functions {}
[info] i  functions: ensuring required API cloudscheduler.googleapis.com is enabled... 
[debug] [2022-07-16T02:39:27.991Z] >>> [apiv2][query] GET https://serviceusage.googleapis.com/v1/projects/dowoom-3b2a4/services/cloudscheduler.googleapis.com [none]
[debug] [2022-07-16T02:39:29.402Z] <<< [apiv2][status] GET https://serviceusage.googleapis.com/v1/projects/dowoom-3b2a4/services/cloudscheduler.googleapis.com 200
[debug] [2022-07-16T02:39:29.402Z] <<< [apiv2][body] GET https://serviceusage.googleapis.com/v1/projects/dowoom-3b2a4/services/cloudscheduler.googleapis.com [omitted]
[info] ✔  functions: required API cloudscheduler.googleapis.com is enabled 
[debug] [2022-07-16T02:39:29.406Z] >>> [apiv2][query] GET https://firebase.googleapis.com/v1beta1/projects/dowoom-3b2a4 [none]
[debug] [2022-07-16T02:39:29.816Z] <<< [apiv2][status] GET https://firebase.googleapis.com/v1beta1/projects/dowoom-3b2a4 200
[debug] [2022-07-16T02:39:29.816Z] <<< [apiv2][body] GET https://firebase.googleapis.com/v1beta1/projects/dowoom-3b2a4 {"projectId":"dowoom-3b2a4","projectNumber":"1092962551292","displayName":"dowoom","name":"projects/dowoom-3b2a4","resources":{"hostingSite":"dowoom-3b2a4","realtimeDatabaseInstance":"dowoom-3b2a4-default-rtdb","storageBucket":"dowoom-3b2a4.appspot.com","locationId":"asia-northeast3"},"state":"ACTIVE"}
[debug] [2022-07-16T02:39:29.817Z] >>> [apiv2][query] POST https://cloudfunctions.googleapis.com/v1/projects/dowoom-3b2a4/locations/us-central1/functions:generateUploadUrl [none]
[debug] [2022-07-16T02:39:29.817Z] >>> [apiv2][body] POST https://cloudfunctions.googleapis.com/v1/projects/dowoom-3b2a4/locations/us-central1/functions:generateUploadUrl {}
[debug] [2022-07-16T02:39:30.754Z] <<< [apiv2][status] POST https://cloudfunctions.googleapis.com/v1/projects/dowoom-3b2a4/locations/us-central1/functions:generateUploadUrl 200
[debug] [2022-07-16T02:39:30.755Z] <<< [apiv2][body] POST https://cloudfunctions.googleapis.com/v1/projects/dowoom-3b2a4/locations/us-central1/functions:generateUploadUrl {"uploadUrl":"https://storage.googleapis.com/uploads-463026273195.us-central1.cloudfunctions.appspot.com/3c78707f-b6cd-4219-8978-940812a608fc.zip?GoogleAccessId=service-1092962551292@gcf-admin-robot.iam.gserviceaccount.com&Expires=1657940970&Signature=lD1hrx%2BP9Qqt5q8E51sgTH1C0Wonf%2BZ40BcnpYle8IneXIh8VdnZDuaZey%2FnDW22LLAoqXngfvq1ZIBEm1SghJcCQ5t1ephN63X6Rbthqyt9cP6IgpI60vdBK4A9UMW7EaE2zXh447zWEw8egTqnyvMBnRRlOE3gLqW56t2jKxTYxPePx69xpy6sD3q49ODLKFtsk9myu9A5qz7Fs94aCvcgWrujKJB7QHjYkyASpDyExTSYt5cs%2FiONZcLdo1GcXfjCy90kvLCGZuxWLVqUMU8FlA7CGzBavj4n7rj27r1leybXxnJqB8iNpylXg7ok9vIoMNH4p%2FdKmh2rJaAP2g%3D%3D"}
[debug] [2022-07-16T02:39:30.756Z] >>> [apiv2][query] PUT https://storage.googleapis.com/uploads-463026273195.us-central1.cloudfunctions.appspot.com/3c78707f-b6cd-4219-8978-940812a608fc.zip GoogleAccessId=service-1092962551292%40gcf-admin-robot.iam.gserviceaccount.com&Expires=1657940970&Signature=lD1hrx%2BP9Qqt5q8E51sgTH1C0Wonf%2BZ40BcnpYle8IneXIh8VdnZDuaZey%2FnDW22LLAoqXngfvq1ZIBEm1SghJcCQ5t1ephN63X6Rbthqyt9cP6IgpI60vdBK4A9UMW7EaE2zXh447zWEw8egTqnyvMBnRRlOE3gLqW56t2jKxTYxPePx69xpy6sD3q49ODLKFtsk9myu9A5qz7Fs94aCvcgWrujKJB7QHjYkyASpDyExTSYt5cs%2FiONZcLdo1GcXfjCy90kvLCGZuxWLVqUMU8FlA7CGzBavj4n7rj27r1leybXxnJqB8iNpylXg7ok9vIoMNH4p%2FdKmh2rJaAP2g%3D%3D
[debug] [2022-07-16T02:39:30.756Z] >>> [apiv2][body] PUT https://storage.googleapis.com/uploads-463026273195.us-central1.cloudfunctions.appspot.com/3c78707f-b6cd-4219-8978-940812a608fc.zip [stream]
[debug] [2022-07-16T02:39:31.263Z] <<< [apiv2][status] PUT https://storage.googleapis.com/uploads-463026273195.us-central1.cloudfunctions.appspot.com/3c78707f-b6cd-4219-8978-940812a608fc.zip 200
[debug] [2022-07-16T02:39:31.263Z] <<< [apiv2][body] PUT https://storage.googleapis.com/uploads-463026273195.us-central1.cloudfunctions.appspot.com/3c78707f-b6cd-4219-8978-940812a608fc.zip [omitted]
[info] ✔  functions: functions folder uploaded successfully 
[info] i  functions: creating Node.js 16 function resetRandomId(us-central1)... 
[debug] [2022-07-16T02:39:31.267Z] >>> [apiv2][query] POST https://cloudfunctions.googleapis.com/v1/projects/dowoom-3b2a4/locations/us-central1/functions [none]
[debug] [2022-07-16T02:39:31.267Z] >>> [apiv2][body] POST https://cloudfunctions.googleapis.com/v1/projects/dowoom-3b2a4/locations/us-central1/functions {"name":"projects/dowoom-3b2a4/locations/us-central1/functions/resetRandomId","sourceUploadUrl":"https://storage.googleapis.com/uploads-463026273195.us-central1.cloudfunctions.appspot.com/3c78707f-b6cd-4219-8978-940812a608fc.zip?GoogleAccessId=service-1092962551292@gcf-admin-robot.iam.gserviceaccount.com&Expires=1657940970&Signature=lD1hrx%2BP9Qqt5q8E51sgTH1C0Wonf%2BZ40BcnpYle8IneXIh8VdnZDuaZey%2FnDW22LLAoqXngfvq1ZIBEm1SghJcCQ5t1ephN63X6Rbthqyt9cP6IgpI60vdBK4A9UMW7EaE2zXh447zWEw8egTqnyvMBnRRlOE3gLqW56t2jKxTYxPePx69xpy6sD3q49ODLKFtsk9myu9A5qz7Fs94aCvcgWrujKJB7QHjYkyASpDyExTSYt5cs%2FiONZcLdo1GcXfjCy90kvLCGZuxWLVqUMU8FlA7CGzBavj4n7rj27r1leybXxnJqB8iNpylXg7ok9vIoMNH4p%2FdKmh2rJaAP2g%3D%3D","entryPoint":"resetRandomId","runtime":"nodejs16","dockerRegistry":"ARTIFACT_REGISTRY","labels":{"deployment-tool":"cli-firebase","deployment-scheduled":"true"},"eventTrigger":{"eventType":"google.pubsub.topic.publish","resource":"projects/dowoom-3b2a4/topics/firebase-schedule-resetRandomId-us-central1"},"environmentVariables":{"FIREBASE_CONFIG":"{\"projectId\":\"dowoom-3b2a4\",\"databaseURL\":\"https://dowoom-3b2a4-default-rtdb.firebaseio.com\",\"storageBucket\":\"dowoom-3b2a4.appspot.com\",\"locationId\":\"asia-northeast3\"}","GCLOUD_PROJECT":"dowoom-3b2a4"},"timeout":"60s"}
[debug] [2022-07-16T02:39:32.347Z] <<< [apiv2][status] POST https://cloudfunctions.googleapis.com/v1/projects/dowoom-3b2a4/locations/us-central1/functions 200
[debug] [2022-07-16T02:39:32.347Z] <<< [apiv2][body] POST https://cloudfunctions.googleapis.com/v1/projects/dowoom-3b2a4/locations/us-central1/functions {"name":"operations/ZG93b29tLTNiMmE0L3VzLWNlbnRyYWwxL3Jlc2V0UmFuZG9tSWQvREVyUkltekpMVFk","metadata":{"@type":"type.googleapis.com/google.cloud.functions.v1.OperationMetadataV1","target":"projects/dowoom-3b2a4/locations/us-central1/functions/resetRandomId","type":"CREATE_FUNCTION","request":{"@type":"type.googleapis.com/google.cloud.functions.v1.CloudFunction","name":"projects/dowoom-3b2a4/locations/us-central1/functions/resetRandomId","eventTrigger":{"eventType":"google.pubsub.topic.publish","resource":"projects/dowoom-3b2a4/topics/firebase-schedule-resetRandomId-us-central1"},"entryPoint":"resetRandomId","timeout":"60s","labels":{"deployment-tool":"cli-firebase","deployment-scheduled":"true"},"sourceUploadUrl":"https://storage.googleapis.com/uploads-463026273195.us-central1.cloudfunctions.appspot.com/3c78707f-b6cd-4219-8978-940812a608fc.zip?GoogleAccessId=service-1092962551292@gcf-admin-robot.iam.gserviceaccount.com&Expires=1657940970&Signature=lD1hrx%2BP9Qqt5q8E51sgTH1C0Wonf%2BZ40BcnpYle8IneXIh8VdnZDuaZey%2FnDW22LLAoqXngfvq1ZIBEm1SghJcCQ5t1ephN63X6Rbthqyt9cP6IgpI60vdBK4A9UMW7EaE2zXh447zWEw8egTqnyvMBnRRlOE3gLqW56t2jKxTYxPePx69xpy6sD3q49ODLKFtsk9myu9A5qz7Fs94aCvcgWrujKJB7QHjYkyASpDyExTSYt5cs%2FiONZcLdo1GcXfjCy90kvLCGZuxWLVqUMU8FlA7CGzBavj4n7rj27r1leybXxnJqB8iNpylXg7ok9vIoMNH4p%2FdKmh2rJaAP2g%3D%3D","environmentVariables":{"FIREBASE_CONFIG":"{\"projectId\":\"dowoom-3b2a4\",\"databaseURL\":\"https://dowoom-3b2a4-default-rtdb.firebaseio.com\",\"storageBucket\":\"dowoom-3b2a4.appspot.com\",\"locationId\":\"asia-northeast3\"}","GCLOUD_PROJECT":"dowoom-3b2a4"},"runtime":"nodejs16","dockerRegistry":"ARTIFACT_REGISTRY"},"versionId":"1","updateTime":"2022-07-16T02:39:32Z"}}
[debug] [2022-07-16T02:39:32.349Z] >>> [apiv2][query] GET https://cloudfunctions.googleapis.com/v1/operations/ZG93b29tLTNiMmE0L3VzLWNlbnRyYWwxL3Jlc2V0UmFuZG9tSWQvREVyUkltekpMVFk [none]
[debug] [2022-07-16T02:39:32.898Z] <<< [apiv2][status] GET https://cloudfunctions.googleapis.com/v1/operations/ZG93b29tLTNiMmE0L3VzLWNlbnRyYWwxL3Jlc2V0UmFuZG9tSWQvREVyUkltekpMVFk 200
[debug] [2022-07-16T02:39:32.898Z] <<< [apiv2][body] GET https://cloudfunctions.googleapis.com/v1/operations/ZG93b29tLTNiMmE0L3VzLWNlbnRyYWwxL3Jlc2V0UmFuZG9tSWQvREVyUkltekpMVFk {"name":"operations/ZG93b29tLTNiMmE0L3VzLWNlbnRyYWwxL3Jlc2V0UmFuZG9tSWQvREVyUkltekpMVFk","metadata":{"@type":"type.googleapis.com/google.cloud.functions.v1.OperationMetadataV1","target":"projects/dowoom-3b2a4/locations/us-central1/functions/resetRandomId","type":"CREATE_FUNCTION","request":{"@type":"type.googleapis.com/google.cloud.functions.v1.CloudFunction","name":"projects/dowoom-3b2a4/locations/us-central1/functions/resetRandomId","eventTrigger":{"eventType":"google.pubsub.topic.publish","resource":"projects/dowoom-3b2a4/topics/firebase-schedule-resetRandomId-us-central1"},"entryPoint":"resetRandomId","timeout":"60s","labels":{"deployment-tool":"cli-firebase","deployment-scheduled":"true"},"sourceUploadUrl":"https://storage.googleapis.com/uploads-463026273195.us-central1.cloudfunctions.appspot.com/3c78707f-b6cd-4219-8978-940812a608fc.zip?GoogleAccessId=service-1092962551292@gcf-admin-robot.iam.gserviceaccount.com&Expires=1657940970&Signature=lD1hrx%2BP9Qqt5q8E51sgTH1C0Wonf%2BZ40BcnpYle8IneXIh8VdnZDuaZey%2FnDW22LLAoqXngfvq1ZIBEm1SghJcCQ5t1ephN63X6Rbthqyt9cP6IgpI60vdBK4A9UMW7EaE2zXh447zWEw8egTqnyvMBnRRlOE3gLqW56t2jKxTYxPePx69xpy6sD3q49ODLKFtsk9myu9A5qz7Fs94aCvcgWrujKJB7QHjYkyASpDyExTSYt5cs%2FiONZcLdo1GcXfjCy90kvLCGZuxWLVqUMU8FlA7CGzBavj4n7rj27r1leybXxnJqB8iNpylXg7ok9vIoMNH4p%2FdKmh2rJaAP2g%3D%3D","environmentVariables":{"FIREBASE_CONFIG":"{\"projectId\":\"dowoom-3b2a4\",\"databaseURL\":\"https://dowoom-3b2a4-default-rtdb.firebaseio.com\",\"storageBucket\":\"dowoom-3b2a4.appspot.com\",\"locationId\":\"asia-northeast3\"}","GCLOUD_PROJECT":"dowoom-3b2a4"},"runtime":"nodejs16","dockerRegistry":"ARTIFACT_REGISTRY"},"versionId":"1","updateTime":"2022-07-16T02:39:32Z"}}
[debug] [2022-07-16T02:39:33.402Z] [create-default-us-central1-resetRandomId] Retrying task index 0
[debug] [2022-07-16T02:39:33.403Z] >>> [apiv2][query] GET https://cloudfunctions.googleapis.com/v1/operations/ZG93b29tLTNiMmE0L3VzLWNlbnRyYWwxL3Jlc2V0UmFuZG9tSWQvREVyUkltekpMVFk [none]
[debug] [2022-07-16T02:39:34.026Z] <<< [apiv2][status] GET https://cloudfunctions.googleapis.com/v1/operations/ZG93b29tLTNiMmE0L3VzLWNlbnRyYWwxL3Jlc2V0UmFuZG9tSWQvREVyUkltekpMVFk 200
[debug] [2022-07-16T02:39:34.026Z] <<< [apiv2][body] GET https://cloudfunctions.googleapis.com/v1/operations/ZG93b29tLTNiMmE0L3VzLWNlbnRyYWwxL3Jlc2V0UmFuZG9tSWQvREVyUkltekpMVFk {"name":"operations/ZG93b29tLTNiMmE0L3VzLWNlbnRyYWwxL3Jlc2V0UmFuZG9tSWQvREVyUkltekpMVFk","metadata":{"@type":"type.googleapis.com/google.cloud.functions.v1.OperationMetadataV1","target":"projects/dowoom-3b2a4/locations/us-central1/functions/resetRandomId","type":"CREATE_FUNCTION","request":{"@type":"type.googleapis.com/google.cloud.functions.v1.CloudFunction","name":"projects/dowoom-3b2a4/locations/us-central1/functions/resetRandomId","eventTrigger":{"eventType":"google.pubsub.topic.publish","resource":"projects/dowoom-3b2a4/topics/firebase-schedule-resetRandomId-us-central1"},"entryPoint":"resetRandomId","timeout":"60s","labels":{"deployment-tool":"cli-firebase","deployment-scheduled":"true"},"sourceUploadUrl":"https://storage.googleapis.com/uploads-463026273195.us-central1.cloudfunctions.appspot.com/3c78707f-b6cd-4219-8978-940812a608fc.zip?GoogleAccessId=service-1092962551292@gcf-admin-robot.iam.gserviceaccount.com&Expires=1657940970&Signature=lD1hrx%2BP9Qqt5q8E51sgTH1C0Wonf%2BZ40BcnpYle8IneXIh8VdnZDuaZey%2FnDW22LLAoqXngfvq1ZIBEm1SghJcCQ5t1ephN63X6Rbthqyt9cP6IgpI60vdBK4A9UMW7EaE2zXh447zWEw8egTqnyvMBnRRlOE3gLqW56t2jKxTYxPePx69xpy6sD3q49ODLKFtsk9myu9A5qz7Fs94aCvcgWrujKJB7QHjYkyASpDyExTSYt5cs%2FiONZcLdo1GcXfjCy90kvLCGZuxWLVqUMU8FlA7CGzBavj4n7rj27r1leybXxnJqB8iNpylXg7ok9vIoMNH4p%2FdKmh2rJaAP2g%3D%3D","environmentVariables":{"FIREBASE_CONFIG":"{\"projectId\":\"dowoom-3b2a4\",\"databaseURL\":\"https://dowoom-3b2a4-default-rtdb.firebaseio.com\",\"storageBucket\":\"dowoom-3b2a4.appspot.com\",\"locationId\":\"asia-northeast3\"}","GCLOUD_PROJECT":"dowoom-3b2a4"},"runtime":"nodejs16","dockerRegistry":"ARTIFACT_REGISTRY"},"versionId":"1","updateTime":"2022-07-16T02:39:32Z","buildId":"b59f95c4-3152-4f39-aa9c-28a66b53f4b0","buildName":"projects/1092962551292/locations/us-central1/builds/b59f95c4-3152-4f39-aa9c-28a66b53f4b0"}}
[debug] [2022-07-16T02:39:35.032Z] [create-default-us-central1-resetRandomId] Retrying task index 0
[debug] [2022-07-16T02:39:35.032Z] >>> [apiv2][query] GET https://cloudfunctions.googleapis.com/v1/operations/ZG93b29tLTNiMmE0L3VzLWNlbnRyYWwxL3Jlc2V0UmFuZG9tSWQvREVyUkltekpMVFk [none]
[debug] [2022-07-16T02:39:35.562Z] <<< [apiv2][status] GET https://cloudfunctions.googleapis.com/v1/operations/ZG93b29tLTNiMmE0L3VzLWNlbnRyYWwxL3Jlc2V0UmFuZG9tSWQvREVyUkltekpMVFk 200
[debug] [2022-07-16T02:39:35.562Z] <<< [apiv2][body] GET https://cloudfunctions.googleapis.com/v1/operations/ZG93b29tLTNiMmE0L3VzLWNlbnRyYWwxL3Jlc2V0UmFuZG9tSWQvREVyUkltekpMVFk {"name":"operations/ZG93b29tLTNiMmE0L3VzLWNlbnRyYWwxL3Jlc2V0UmFuZG9tSWQvREVyUkltekpMVFk","metadata":{"@type":"type.googleapis.com/google.cloud.functions.v1.OperationMetadataV1","target":"projects/dowoom-3b2a4/locations/us-central1/functions/resetRandomId","type":"CREATE_FUNCTION","request":{"@type":"type.googleapis.com/google.cloud.functions.v1.CloudFunction","name":"projects/dowoom-3b2a4/locations/us-central1/functions/resetRandomId","eventTrigger":{"eventType":"google.pubsub.topic.publish","resource":"projects/dowoom-3b2a4/topics/firebase-schedule-resetRandomId-us-central1"},"entryPoint":"resetRandomId","timeout":"60s","labels":{"deployment-tool":"cli-firebase","deployment-scheduled":"true"},"sourceUploadUrl":"https://storage.googleapis.com/uploads-463026273195.us-central1.cloudfunctions.appspot.com/3c78707f-b6cd-4219-8978-940812a608fc.zip?GoogleAccessId=service-1092962551292@gcf-admin-robot.iam.gserviceaccount.com&Expires=1657940970&Signature=lD1hrx%2BP9Qqt5q8E51sgTH1C0Wonf%2BZ40BcnpYle8IneXIh8VdnZDuaZey%2FnDW22LLAoqXngfvq1ZIBEm1SghJcCQ5t1ephN63X6Rbthqyt9cP6IgpI60vdBK4A9UMW7EaE2zXh447zWEw8egTqnyvMBnRRlOE3gLqW56t2jKxTYxPePx69xpy6sD3q49ODLKFtsk9myu9A5qz7Fs94aCvcgWrujKJB7QHjYkyASpDyExTSYt5cs%2FiONZcLdo1GcXfjCy90kvLCGZuxWLVqUMU8FlA7CGzBavj4n7rj27r1leybXxnJqB8iNpylXg7ok9vIoMNH4p%2FdKmh2rJaAP2g%3D%3D","environmentVariables":{"FIREBASE_CONFIG":"{\"projectId\":\"dowoom-3b2a4\",\"databaseURL\":\"https://dowoom-3b2a4-default-rtdb.firebaseio.com\",\"storageBucket\":\"dowoom-3b2a4.appspot.com\",\"locationId\":\"asia-northeast3\"}","GCLOUD_PROJECT":"dowoom-3b2a4"},"runtime":"nodejs16","dockerRegistry":"ARTIFACT_REGISTRY"},"versionId":"1","updateTime":"2022-07-16T02:39:32Z","buildId":"b59f95c4-3152-4f39-aa9c-28a66b53f4b0","buildName":"projects/1092962551292/locations/us-central1/builds/b59f95c4-3152-4f39-aa9c-28a66b53f4b0"}}
[debug] [2022-07-16T02:39:37.568Z] [create-default-us-central1-resetRandomId] Retrying task index 0
[debug] [2022-07-16T02:39:37.568Z] >>> [apiv2][query] GET https://cloudfunctions.googleapis.com/v1/operations/ZG93b29tLTNiMmE0L3VzLWNlbnRyYWwxL3Jlc2V0UmFuZG9tSWQvREVyUkltekpMVFk [none]
[debug] [2022-07-16T02:39:38.256Z] <<< [apiv2][status] GET https://cloudfunctions.googleapis.com/v1/operations/ZG93b29tLTNiMmE0L3VzLWNlbnRyYWwxL3Jlc2V0UmFuZG9tSWQvREVyUkltekpMVFk 200
[debug] [2022-07-16T02:39:38.256Z] <<< [apiv2][body] GET https://cloudfunctions.googleapis.com/v1/operations/ZG93b29tLTNiMmE0L3VzLWNlbnRyYWwxL3Jlc2V0UmFuZG9tSWQvREVyUkltekpMVFk {"name":"operations/ZG93b29tLTNiMmE0L3VzLWNlbnRyYWwxL3Jlc2V0UmFuZG9tSWQvREVyUkltekpMVFk","metadata":{"@type":"type.googleapis.com/google.cloud.functions.v1.OperationMetadataV1","target":"projects/dowoom-3b2a4/locations/us-central1/functions/resetRandomId","type":"CREATE_FUNCTION","request":{"@type":"type.googleapis.com/google.cloud.functions.v1.CloudFunction","name":"projects/dowoom-3b2a4/locations/us-central1/functions/resetRandomId","eventTrigger":{"eventType":"google.pubsub.topic.publish","resource":"projects/dowoom-3b2a4/topics/firebase-schedule-resetRandomId-us-central1"},"entryPoint":"resetRandomId","timeout":"60s","labels":{"deployment-tool":"cli-firebase","deployment-scheduled":"true"},"sourceUploadUrl":"https://storage.googleapis.com/uploads-463026273195.us-central1.cloudfunctions.appspot.com/3c78707f-b6cd-4219-8978-940812a608fc.zip?GoogleAccessId=service-1092962551292@gcf-admin-robot.iam.gserviceaccount.com&Expires=1657940970&Signature=lD1hrx%2BP9Qqt5q8E51sgTH1C0Wonf%2BZ40BcnpYle8IneXIh8VdnZDuaZey%2FnDW22LLAoqXngfvq1ZIBEm1SghJcCQ5t1ephN63X6Rbthqyt9cP6IgpI60vdBK4A9UMW7EaE2zXh447zWEw8egTqnyvMBnRRlOE3gLqW56t2jKxTYxPePx69xpy6sD3q49ODLKFtsk9myu9A5qz7Fs94aCvcgWrujKJB7QHjYkyASpDyExTSYt5cs%2FiONZcLdo1GcXfjCy90kvLCGZuxWLVqUMU8FlA7CGzBavj4n7rj27r1leybXxnJqB8iNpylXg7ok9vIoMNH4p%2FdKmh2rJaAP2g%3D%3D","environmentVariables":{"FIREBASE_CONFIG":"{\"projectId\":\"dowoom-3b2a4\",\"databaseURL\":\"https://dowoom-3b2a4-default-rtdb.firebaseio.com\",\"storageBucket\":\"dowoom-3b2a4.appspot.com\",\"locationId\":\"asia-northeast3\"}","GCLOUD_PROJECT":"dowoom-3b2a4"},"runtime":"nodejs16","dockerRegistry":"ARTIFACT_REGISTRY"},"versionId":"1","updateTime":"2022-07-16T02:39:32Z","buildId":"b59f95c4-3152-4f39-aa9c-28a66b53f4b0","buildName":"projects/1092962551292/locations/us-central1/builds/b59f95c4-3152-4f39-aa9c-28a66b53f4b0"}}
[debug] [2022-07-16T02:39:42.257Z] [create-default-us-central1-resetRandomId] Retrying task index 0
[debug] [2022-07-16T02:39:42.257Z] >>> [apiv2][query] GET https://cloudfunctions.googleapis.com/v1/operations/ZG93b29tLTNiMmE0L3VzLWNlbnRyYWwxL3Jlc2V0UmFuZG9tSWQvREVyUkltekpMVFk [none]
[debug] [2022-07-16T02:39:42.931Z] <<< [apiv2][status] GET https://cloudfunctions.googleapis.com/v1/operations/ZG93b29tLTNiMmE0L3VzLWNlbnRyYWwxL3Jlc2V0UmFuZG9tSWQvREVyUkltekpMVFk 200
[debug] [2022-07-16T02:39:42.931Z] <<< [apiv2][body] GET https://cloudfunctions.googleapis.com/v1/operations/ZG93b29tLTNiMmE0L3VzLWNlbnRyYWwxL3Jlc2V0UmFuZG9tSWQvREVyUkltekpMVFk {"name":"operations/ZG93b29tLTNiMmE0L3VzLWNlbnRyYWwxL3Jlc2V0UmFuZG9tSWQvREVyUkltekpMVFk","metadata":{"@type":"type.googleapis.com/google.cloud.functions.v1.OperationMetadataV1","target":"projects/dowoom-3b2a4/locations/us-central1/functions/resetRandomId","type":"CREATE_FUNCTION","request":{"@type":"type.googleapis.com/google.cloud.functions.v1.CloudFunction","name":"projects/dowoom-3b2a4/locations/us-central1/functions/resetRandomId","eventTrigger":{"eventType":"google.pubsub.topic.publish","resource":"projects/dowoom-3b2a4/topics/firebase-schedule-resetRandomId-us-central1"},"entryPoint":"resetRandomId","timeout":"60s","labels":{"deployment-tool":"cli-firebase","deployment-scheduled":"true"},"sourceUploadUrl":"https://storage.googleapis.com/uploads-463026273195.us-central1.cloudfunctions.appspot.com/3c78707f-b6cd-4219-8978-940812a608fc.zip?GoogleAccessId=service-1092962551292@gcf-admin-robot.iam.gserviceaccount.com&Expires=1657940970&Signature=lD1hrx%2BP9Qqt5q8E51sgTH1C0Wonf%2BZ40BcnpYle8IneXIh8VdnZDuaZey%2FnDW22LLAoqXngfvq1ZIBEm1SghJcCQ5t1ephN63X6Rbthqyt9cP6IgpI60vdBK4A9UMW7EaE2zXh447zWEw8egTqnyvMBnRRlOE3gLqW56t2jKxTYxPePx69xpy6sD3q49ODLKFtsk9myu9A5qz7Fs94aCvcgWrujKJB7QHjYkyASpDyExTSYt5cs%2FiONZcLdo1GcXfjCy90kvLCGZuxWLVqUMU8FlA7CGzBavj4n7rj27r1leybXxnJqB8iNpylXg7ok9vIoMNH4p%2FdKmh2rJaAP2g%3D%3D","environmentVariables":{"FIREBASE_CONFIG":"{\"projectId\":\"dowoom-3b2a4\",\"databaseURL\":\"https://dowoom-3b2a4-default-rtdb.firebaseio.com\",\"storageBucket\":\"dowoom-3b2a4.appspot.com\",\"locationId\":\"asia-northeast3\"}","GCLOUD_PROJECT":"dowoom-3b2a4"},"runtime":"nodejs16","dockerRegistry":"ARTIFACT_REGISTRY"},"versionId":"1","updateTime":"2022-07-16T02:39:32Z","buildId":"b59f95c4-3152-4f39-aa9c-28a66b53f4b0","buildName":"projects/1092962551292/locations/us-central1/builds/b59f95c4-3152-4f39-aa9c-28a66b53f4b0"}}
[debug] [2022-07-16T02:39:50.934Z] [create-default-us-central1-resetRandomId] Retrying task index 0
[debug] [2022-07-16T02:39:50.934Z] >>> [apiv2][query] GET https://cloudfunctions.googleapis.com/v1/operations/ZG93b29tLTNiMmE0L3VzLWNlbnRyYWwxL3Jlc2V0UmFuZG9tSWQvREVyUkltekpMVFk [none]
[debug] [2022-07-16T02:39:51.640Z] <<< [apiv2][status] GET https://cloudfunctions.googleapis.com/v1/operations/ZG93b29tLTNiMmE0L3VzLWNlbnRyYWwxL3Jlc2V0UmFuZG9tSWQvREVyUkltekpMVFk 200
[debug] [2022-07-16T02:39:51.640Z] <<< [apiv2][body] GET https://cloudfunctions.googleapis.com/v1/operations/ZG93b29tLTNiMmE0L3VzLWNlbnRyYWwxL3Jlc2V0UmFuZG9tSWQvREVyUkltekpMVFk {"name":"operations/ZG93b29tLTNiMmE0L3VzLWNlbnRyYWwxL3Jlc2V0UmFuZG9tSWQvREVyUkltekpMVFk","metadata":{"@type":"type.googleapis.com/google.cloud.functions.v1.OperationMetadataV1","target":"projects/dowoom-3b2a4/locations/us-central1/functions/resetRandomId","type":"CREATE_FUNCTION","request":{"@type":"type.googleapis.com/google.cloud.functions.v1.CloudFunction","name":"projects/dowoom-3b2a4/locations/us-central1/functions/resetRandomId","eventTrigger":{"eventType":"google.pubsub.topic.publish","resource":"projects/dowoom-3b2a4/topics/firebase-schedule-resetRandomId-us-central1"},"entryPoint":"resetRandomId","timeout":"60s","labels":{"deployment-tool":"cli-firebase","deployment-scheduled":"true"},"sourceUploadUrl":"https://storage.googleapis.com/uploads-463026273195.us-central1.cloudfunctions.appspot.com/3c78707f-b6cd-4219-8978-940812a608fc.zip?GoogleAccessId=service-1092962551292@gcf-admin-robot.iam.gserviceaccount.com&Expires=1657940970&Signature=lD1hrx%2BP9Qqt5q8E51sgTH1C0Wonf%2BZ40BcnpYle8IneXIh8VdnZDuaZey%2FnDW22LLAoqXngfvq1ZIBEm1SghJcCQ5t1ephN63X6Rbthqyt9cP6IgpI60vdBK4A9UMW7EaE2zXh447zWEw8egTqnyvMBnRRlOE3gLqW56t2jKxTYxPePx69xpy6sD3q49ODLKFtsk9myu9A5qz7Fs94aCvcgWrujKJB7QHjYkyASpDyExTSYt5cs%2FiONZcLdo1GcXfjCy90kvLCGZuxWLVqUMU8FlA7CGzBavj4n7rj27r1leybXxnJqB8iNpylXg7ok9vIoMNH4p%2FdKmh2rJaAP2g%3D%3D","environmentVariables":{"FIREBASE_CONFIG":"{\"projectId\":\"dowoom-3b2a4\",\"databaseURL\":\"https://dowoom-3b2a4-default-rtdb.firebaseio.com\",\"storageBucket\":\"dowoom-3b2a4.appspot.com\",\"locationId\":\"asia-northeast3\"}","GCLOUD_PROJECT":"dowoom-3b2a4"},"runtime":"nodejs16","dockerRegistry":"ARTIFACT_REGISTRY"},"versionId":"1","updateTime":"2022-07-16T02:39:32Z","buildId":"b59f95c4-3152-4f39-aa9c-28a66b53f4b0","buildName":"projects/1092962551292/locations/us-central1/builds/b59f95c4-3152-4f39-aa9c-28a66b53f4b0"}}
[debug] [2022-07-16T02:40:01.643Z] [create-default-us-central1-resetRandomId] Retrying task index 0
[debug] [2022-07-16T02:40:01.643Z] >>> [apiv2][query] GET https://cloudfunctions.googleapis.com/v1/operations/ZG93b29tLTNiMmE0L3VzLWNlbnRyYWwxL3Jlc2V0UmFuZG9tSWQvREVyUkltekpMVFk [none]
[debug] [2022-07-16T02:40:02.191Z] <<< [apiv2][status] GET https://cloudfunctions.googleapis.com/v1/operations/ZG93b29tLTNiMmE0L3VzLWNlbnRyYWwxL3Jlc2V0UmFuZG9tSWQvREVyUkltekpMVFk 200
[debug] [2022-07-16T02:40:02.191Z] <<< [apiv2][body] GET https://cloudfunctions.googleapis.com/v1/operations/ZG93b29tLTNiMmE0L3VzLWNlbnRyYWwxL3Jlc2V0UmFuZG9tSWQvREVyUkltekpMVFk {"name":"operations/ZG93b29tLTNiMmE0L3VzLWNlbnRyYWwxL3Jlc2V0UmFuZG9tSWQvREVyUkltekpMVFk","metadata":{"@type":"type.googleapis.com/google.cloud.functions.v1.OperationMetadataV1","target":"projects/dowoom-3b2a4/locations/us-central1/functions/resetRandomId","type":"CREATE_FUNCTION","request":{"@type":"type.googleapis.com/google.cloud.functions.v1.CloudFunction","name":"projects/dowoom-3b2a4/locations/us-central1/functions/resetRandomId","eventTrigger":{"eventType":"google.pubsub.topic.publish","resource":"projects/dowoom-3b2a4/topics/firebase-schedule-resetRandomId-us-central1"},"entryPoint":"resetRandomId","timeout":"60s","labels":{"deployment-tool":"cli-firebase","deployment-scheduled":"true"},"sourceUploadUrl":"https://storage.googleapis.com/uploads-463026273195.us-central1.cloudfunctions.appspot.com/3c78707f-b6cd-4219-8978-940812a608fc.zip?GoogleAccessId=service-1092962551292@gcf-admin-robot.iam.gserviceaccount.com&Expires=1657940970&Signature=lD1hrx%2BP9Qqt5q8E51sgTH1C0Wonf%2BZ40BcnpYle8IneXIh8VdnZDuaZey%2FnDW22LLAoqXngfvq1ZIBEm1SghJcCQ5t1ephN63X6Rbthqyt9cP6IgpI60vdBK4A9UMW7EaE2zXh447zWEw8egTqnyvMBnRRlOE3gLqW56t2jKxTYxPePx69xpy6sD3q49ODLKFtsk9myu9A5qz7Fs94aCvcgWrujKJB7QHjYkyASpDyExTSYt5cs%2FiONZcLdo1GcXfjCy90kvLCGZuxWLVqUMU8FlA7CGzBavj4n7rj27r1leybXxnJqB8iNpylXg7ok9vIoMNH4p%2FdKmh2rJaAP2g%3D%3D","environmentVariables":{"FIREBASE_CONFIG":"{\"projectId\":\"dowoom-3b2a4\",\"databaseURL\":\"https://dowoom-3b2a4-default-rtdb.firebaseio.com\",\"storageBucket\":\"dowoom-3b2a4.appspot.com\",\"locationId\":\"asia-northeast3\"}","GCLOUD_PROJECT":"dowoom-3b2a4"},"runtime":"nodejs16","dockerRegistry":"ARTIFACT_REGISTRY"},"versionId":"1","updateTime":"2022-07-16T02:39:32Z","buildId":"b59f95c4-3152-4f39-aa9c-28a66b53f4b0","buildName":"projects/1092962551292/locations/us-central1/builds/b59f95c4-3152-4f39-aa9c-28a66b53f4b0"}}
[debug] [2022-07-16T02:40:12.197Z] [create-default-us-central1-resetRandomId] Retrying task index 0
[debug] [2022-07-16T02:40:12.197Z] >>> [apiv2][query] GET https://cloudfunctions.googleapis.com/v1/operations/ZG93b29tLTNiMmE0L3VzLWNlbnRyYWwxL3Jlc2V0UmFuZG9tSWQvREVyUkltekpMVFk [none]
[debug] [2022-07-16T02:40:12.847Z] <<< [apiv2][status] GET https://cloudfunctions.googleapis.com/v1/operations/ZG93b29tLTNiMmE0L3VzLWNlbnRyYWwxL3Jlc2V0UmFuZG9tSWQvREVyUkltekpMVFk 200
[debug] [2022-07-16T02:40:12.848Z] <<< [apiv2][body] GET https://cloudfunctions.googleapis.com/v1/operations/ZG93b29tLTNiMmE0L3VzLWNlbnRyYWwxL3Jlc2V0UmFuZG9tSWQvREVyUkltekpMVFk {"name":"operations/ZG93b29tLTNiMmE0L3VzLWNlbnRyYWwxL3Jlc2V0UmFuZG9tSWQvREVyUkltekpMVFk","metadata":{"@type":"type.googleapis.com/google.cloud.functions.v1.OperationMetadataV1","target":"projects/dowoom-3b2a4/locations/us-central1/functions/resetRandomId","type":"CREATE_FUNCTION","request":{"@type":"type.googleapis.com/google.cloud.functions.v1.CloudFunction","name":"projects/dowoom-3b2a4/locations/us-central1/functions/resetRandomId","eventTrigger":{"eventType":"google.pubsub.topic.publish","resource":"projects/dowoom-3b2a4/topics/firebase-schedule-resetRandomId-us-central1"},"entryPoint":"resetRandomId","timeout":"60s","labels":{"deployment-tool":"cli-firebase","deployment-scheduled":"true"},"sourceUploadUrl":"https://storage.googleapis.com/uploads-463026273195.us-central1.cloudfunctions.appspot.com/3c78707f-b6cd-4219-8978-940812a608fc.zip?GoogleAccessId=service-1092962551292@gcf-admin-robot.iam.gserviceaccount.com&Expires=1657940970&Signature=lD1hrx%2BP9Qqt5q8E51sgTH1C0Wonf%2BZ40BcnpYle8IneXIh8VdnZDuaZey%2FnDW22LLAoqXngfvq1ZIBEm1SghJcCQ5t1ephN63X6Rbthqyt9cP6IgpI60vdBK4A9UMW7EaE2zXh447zWEw8egTqnyvMBnRRlOE3gLqW56t2jKxTYxPePx69xpy6sD3q49ODLKFtsk9myu9A5qz7Fs94aCvcgWrujKJB7QHjYkyASpDyExTSYt5cs%2FiONZcLdo1GcXfjCy90kvLCGZuxWLVqUMU8FlA7CGzBavj4n7rj27r1leybXxnJqB8iNpylXg7ok9vIoMNH4p%2FdKmh2rJaAP2g%3D%3D","environmentVariables":{"FIREBASE_CONFIG":"{\"projectId\":\"dowoom-3b2a4\",\"databaseURL\":\"https://dowoom-3b2a4-default-rtdb.firebaseio.com\",\"storageBucket\":\"dowoom-3b2a4.appspot.com\",\"locationId\":\"asia-northeast3\"}","GCLOUD_PROJECT":"dowoom-3b2a4"},"runtime":"nodejs16","dockerRegistry":"ARTIFACT_REGISTRY"},"versionId":"1","updateTime":"2022-07-16T02:39:32Z","buildId":"b59f95c4-3152-4f39-aa9c-28a66b53f4b0","buildName":"projects/1092962551292/locations/us-central1/builds/b59f95c4-3152-4f39-aa9c-28a66b53f4b0"}}
[debug] [2022-07-16T02:40:22.852Z] [create-default-us-central1-resetRandomId] Retrying task index 0
[debug] [2022-07-16T02:40:22.852Z] >>> [apiv2][query] GET https://cloudfunctions.googleapis.com/v1/operations/ZG93b29tLTNiMmE0L3VzLWNlbnRyYWwxL3Jlc2V0UmFuZG9tSWQvREVyUkltekpMVFk [none]
[debug] [2022-07-16T02:40:23.511Z] <<< [apiv2][status] GET https://cloudfunctions.googleapis.com/v1/operations/ZG93b29tLTNiMmE0L3VzLWNlbnRyYWwxL3Jlc2V0UmFuZG9tSWQvREVyUkltekpMVFk 200
[debug] [2022-07-16T02:40:23.511Z] <<< [apiv2][body] GET https://cloudfunctions.googleapis.com/v1/operations/ZG93b29tLTNiMmE0L3VzLWNlbnRyYWwxL3Jlc2V0UmFuZG9tSWQvREVyUkltekpMVFk {"name":"operations/ZG93b29tLTNiMmE0L3VzLWNlbnRyYWwxL3Jlc2V0UmFuZG9tSWQvREVyUkltekpMVFk","metadata":{"@type":"type.googleapis.com/google.cloud.functions.v1.OperationMetadataV1","target":"projects/dowoom-3b2a4/locations/us-central1/functions/resetRandomId","type":"CREATE_FUNCTION","request":{"@type":"type.googleapis.com/google.cloud.functions.v1.CloudFunction","name":"projects/dowoom-3b2a4/locations/us-central1/functions/resetRandomId","eventTrigger":{"eventType":"google.pubsub.topic.publish","resource":"projects/dowoom-3b2a4/topics/firebase-schedule-resetRandomId-us-central1"},"entryPoint":"resetRandomId","timeout":"60s","labels":{"deployment-tool":"cli-firebase","deployment-scheduled":"true"},"sourceUploadUrl":"https://storage.googleapis.com/uploads-463026273195.us-central1.cloudfunctions.appspot.com/3c78707f-b6cd-4219-8978-940812a608fc.zip?GoogleAccessId=service-1092962551292@gcf-admin-robot.iam.gserviceaccount.com&Expires=1657940970&Signature=lD1hrx%2BP9Qqt5q8E51sgTH1C0Wonf%2BZ40BcnpYle8IneXIh8VdnZDuaZey%2FnDW22LLAoqXngfvq1ZIBEm1SghJcCQ5t1ephN63X6Rbthqyt9cP6IgpI60vdBK4A9UMW7EaE2zXh447zWEw8egTqnyvMBnRRlOE3gLqW56t2jKxTYxPePx69xpy6sD3q49ODLKFtsk9myu9A5qz7Fs94aCvcgWrujKJB7QHjYkyASpDyExTSYt5cs%2FiONZcLdo1GcXfjCy90kvLCGZuxWLVqUMU8FlA7CGzBavj4n7rj27r1leybXxnJqB8iNpylXg7ok9vIoMNH4p%2FdKmh2rJaAP2g%3D%3D","environmentVariables":{"FIREBASE_CONFIG":"{\"projectId\":\"dowoom-3b2a4\",\"databaseURL\":\"https://dowoom-3b2a4-default-rtdb.firebaseio.com\",\"storageBucket\":\"dowoom-3b2a4.appspot.com\",\"locationId\":\"asia-northeast3\"}","GCLOUD_PROJECT":"dowoom-3b2a4"},"runtime":"nodejs16","dockerRegistry":"ARTIFACT_REGISTRY"},"versionId":"1","updateTime":"2022-07-16T02:39:32Z","buildId":"b59f95c4-3152-4f39-aa9c-28a66b53f4b0","buildName":"projects/1092962551292/locations/us-central1/builds/b59f95c4-3152-4f39-aa9c-28a66b53f4b0"}}
[debug] [2022-07-16T02:40:33.514Z] [create-default-us-central1-resetRandomId] Retrying task index 0
[debug] [2022-07-16T02:40:33.515Z] >>> [apiv2][query] GET https://cloudfunctions.googleapis.com/v1/operations/ZG93b29tLTNiMmE0L3VzLWNlbnRyYWwxL3Jlc2V0UmFuZG9tSWQvREVyUkltekpMVFk [none]
[debug] [2022-07-16T02:40:34.241Z] <<< [apiv2][status] GET https://cloudfunctions.googleapis.com/v1/operations/ZG93b29tLTNiMmE0L3VzLWNlbnRyYWwxL3Jlc2V0UmFuZG9tSWQvREVyUkltekpMVFk 200
[debug] [2022-07-16T02:40:34.241Z] <<< [apiv2][body] GET https://cloudfunctions.googleapis.com/v1/operations/ZG93b29tLTNiMmE0L3VzLWNlbnRyYWwxL3Jlc2V0UmFuZG9tSWQvREVyUkltekpMVFk {"name":"operations/ZG93b29tLTNiMmE0L3VzLWNlbnRyYWwxL3Jlc2V0UmFuZG9tSWQvREVyUkltekpMVFk","metadata":{"@type":"type.googleapis.com/google.cloud.functions.v1.OperationMetadataV1","target":"projects/dowoom-3b2a4/locations/us-central1/functions/resetRandomId","type":"CREATE_FUNCTION","request":{"@type":"type.googleapis.com/google.cloud.functions.v1.CloudFunction","name":"projects/dowoom-3b2a4/locations/us-central1/functions/resetRandomId","eventTrigger":{"eventType":"google.pubsub.topic.publish","resource":"projects/dowoom-3b2a4/topics/firebase-schedule-resetRandomId-us-central1"},"entryPoint":"resetRandomId","timeout":"60s","labels":{"deployment-tool":"cli-firebase","deployment-scheduled":"true"},"sourceUploadUrl":"https://storage.googleapis.com/uploads-463026273195.us-central1.cloudfunctions.appspot.com/3c78707f-b6cd-4219-8978-940812a608fc.zip?GoogleAccessId=service-1092962551292@gcf-admin-robot.iam.gserviceaccount.com&Expires=1657940970&Signature=lD1hrx%2BP9Qqt5q8E51sgTH1C0Wonf%2BZ40BcnpYle8IneXIh8VdnZDuaZey%2FnDW22LLAoqXngfvq1ZIBEm1SghJcCQ5t1ephN63X6Rbthqyt9cP6IgpI60vdBK4A9UMW7EaE2zXh447zWEw8egTqnyvMBnRRlOE3gLqW56t2jKxTYxPePx69xpy6sD3q49ODLKFtsk9myu9A5qz7Fs94aCvcgWrujKJB7QHjYkyASpDyExTSYt5cs%2FiONZcLdo1GcXfjCy90kvLCGZuxWLVqUMU8FlA7CGzBavj4n7rj27r1leybXxnJqB8iNpylXg7ok9vIoMNH4p%2FdKmh2rJaAP2g%3D%3D","environmentVariables":{"FIREBASE_CONFIG":"{\"projectId\":\"dowoom-3b2a4\",\"databaseURL\":\"https://dowoom-3b2a4-default-rtdb.firebaseio.com\",\"storageBucket\":\"dowoom-3b2a4.appspot.com\",\"locationId\":\"asia-northeast3\"}","GCLOUD_PROJECT":"dowoom-3b2a4"},"runtime":"nodejs16","dockerRegistry":"ARTIFACT_REGISTRY"},"versionId":"1","updateTime":"2022-07-16T02:39:32Z","buildId":"b59f95c4-3152-4f39-aa9c-28a66b53f4b0","sourceToken":"8a2166b7-fd30-4881-993d-adf1794027be","buildName":"projects/1092962551292/locations/us-central1/builds/b59f95c4-3152-4f39-aa9c-28a66b53f4b0"}}
[debug] [2022-07-16T02:40:34.241Z] Got source token 8a2166b7-fd30-4881-993d-adf1794027be for region us-central1
